Watching for file changes with StatReloader
Performing system checks...

System check identified some issues:

WARNINGS:
todos.Todo: (models.W042) Auto-created primary key used when not defining a primary key type, by default 'django.db.models.AutoField'.
	HINT: Configure the DEFAULT_AUTO_FIELD setting or the TodosConfig.default_auto_field attribute to point to a subclass of AutoField, e.g. 'django.db.models.BigAutoField'.

System check identified 1 issue (0 silenced).
December 03, 2024 - 19:26:10
Django version 4.2.11, using settings 'todoApp.settings'
Starting development server at http://0.0.0.0:8000/
Quit the server with CONTROL-C.

[03/Dec/2024 19:26:40] "GET / HTTP/1.1" 302 0
[03/Dec/2024 19:26:40] "GET /todos/ HTTP/1.1" 200 2328
[03/Dec/2024 19:26:40] "GET /static/css/style.css HTTP/1.1" 304 0
Watching for file changes with StatReloader
Performing system checks...

System check identified some issues:

WARNINGS:
todos.Todo: (models.W042) Auto-created primary key used when not defining a primary key type, by default 'django.db.models.AutoField'.
	HINT: Configure the DEFAULT_AUTO_FIELD setting or the TodosConfig.default_auto_field attribute to point to a subclass of AutoField, e.g. 'django.db.models.BigAutoField'.

System check identified 1 issue (0 silenced).
December 03, 2024 - 19:28:17
Django version 4.2.11, using settings 'todoApp.settings'
Starting development server at http://0.0.0.0:8000/
Quit the server with CONTROL-C.

[03/Dec/2024 19:28:30] "GET /todos/ HTTP/1.1" 200 2328
[03/Dec/2024 19:28:35] "POST /todos/add/ HTTP/1.1" 302 0
[03/Dec/2024 19:28:35] "GET /todos/ HTTP/1.1" 200 2909
[03/Dec/2024 19:28:39] "POST /todos/add/ HTTP/1.1" 302 0
[03/Dec/2024 19:28:39] "GET /todos/ HTTP/1.1" 200 3491
[03/Dec/2024 19:28:40] "POST /todos/28/update HTTP/1.1" 302 0
[03/Dec/2024 19:28:41] "GET /todos/ HTTP/1.1" 200 3528
[03/Dec/2024 19:30:57] "GET / HTTP/1.1" 302 0
[03/Dec/2024 19:30:57] "GET /todos/ HTTP/1.1" 200 3528
